<?xml version="1.0" encoding="UTF-8"?>
<Site BuildName="Linux-clang++-16"
	BuildStamp="20240309-0925-Experimental"
	Name="debian"
	Generator="ctest-3.25.1"
	CompilerName="/usr/bin/clang++-16"
	CompilerVersion="16.0.6"
	OSName="Linux"
	Hostname="debian"
	OSRelease="6.1.0-18-amd64"
	OSVersion="#1 SMP PREEMPT_DYNAMIC Debian 6.1.76-1 (2024-02-01)"
	OSPlatform="x86_64"
	Is64Bits="1"
	VendorString="AuthenticAMD"
	VendorID="Advanced Micro Devices"
	FamilyID="16"
	ModelID="6"
	ProcessorCacheSize="1024"
	NumberOfLogicalCPU="2"
	NumberOfPhysicalCPU="2"
	TotalVirtualMemory="5454"
	TotalPhysicalMemory="3661"
	LogicalProcessorsPerPhysical="1"
	ProcessorClockFrequency="3200"
	>
	<Testing>
		<StartDateTime>Mar 09 14:55 IST</StartDateTime>
		<StartTestTime>1709976324</StartTestTime>
		<TestList/>
		<EndDateTime>Mar 09 14:55 IST</EndDateTime>
		<EndTestTime>1709976324</EndTestTime>
		<ElapsedMinutes>0</ElapsedMinutes>
	</Testing>
</Site>
